This file contains any messages produced by compilers while
running configure, to aid debugging if configure makes a mistake.

It was created by Protocol Buffers configure 3.12.0, which was
generated by GNU Autoconf 2.71.  Invocation command line was

  $ ./configure

## --------- ##
## Platform. ##
## --------- ##

hostname = ip-172-31-14-130
uname -m = x86_64
uname -r = 6.5.0-1014-aws
uname -s = Linux
uname -v = #14~22.04.1-Ubuntu SMP Thu Feb 15 15:27:06 UTC 2024

/usr/bin/uname -p = x86_64
/bin/uname -X     = unknown

/bin/arch              = x86_64
/usr/bin/arch -k       = unknown
/usr/convex/getsysinfo = unknown
/usr/bin/hostinfo      = unknown
/bin/machine           = unknown
/usr/bin/oslevel       = unknown
/bin/universe          = unknown

PATH: /home/ubuntu/.vscode-server/bin/019f4d1419fbc8219a181fab7892ebccf7ee29a2/bin/remote-cli/
PATH: /home/ubuntu/.local/bin/
PATH: /usr/local/sbin/
PATH: /usr/local/bin/
PATH: /usr/sbin/
PATH: /usr/bin/
PATH: /sbin/
PATH: /bin/
PATH: /usr/games/
PATH: /usr/local/games/
PATH: /snap/bin/


## ----------- ##
## Core tests. ##
## ----------- ##

configure:3057: looking for aux files: ltmain.sh ar-lib compile missing install-sh config.guess config.sub
configure:3070:  trying ./
configure:3099:   ./ltmain.sh found
configure:3099:   ./ar-lib found
configure:3099:   ./compile found
configure:3099:   ./missing found
configure:3081:   ./install-sh found
configure:3099:   ./config.guess found
configure:3099:   ./config.sub found
configure:3212: checking whether to enable maintainer-specific portions of Makefiles
configure:3222: result: yes
configure:3273: checking build system type
configure:3288: result: x86_64-pc-linux-gnu
configure:3308: checking host system type
configure:3322: result: x86_64-pc-linux-gnu
configure:3342: checking target system type
configure:3356: result: x86_64-pc-linux-gnu
configure:3400: checking for a BSD-compatible install
configure:3473: result: /usr/bin/install -c
configure:3484: checking whether build environment is sane
configure:3539: result: yes
configure:3698: checking for a race-free mkdir -p
configure:3742: result: /usr/bin/mkdir -p
configure:3749: checking for gawk
configure:3770: found /usr/bin/gawk
configure:3781: result: gawk
configure:3792: checking whether make sets $(MAKE)
configure:3815: result: yes
configure:3845: checking whether make supports nested variables
configure:3863: result: yes
configure:3948: checking whether UID '1000' is supported by ustar format
configure:3951: result: yes
configure:3958: checking whether GID '1000' is supported by ustar format
configure:3961: result: yes
configure:3969: checking how to create a ustar tar archive
configure:3980: tar --version
tar (GNU tar) 1.34
Copyright (C) 2021 Free Software Foundation, Inc.
License GPLv3+: GNU GPL version 3 or later <https://gnu.org/licenses/gpl.html>.
This is free software: you are free to change and redistribute it.
There is NO WARRANTY, to the extent permitted by law.

Written by John Gilmore and Jay Fenlason.
configure:3983: $? = 0
configure:4023: tardir=conftest.dir && eval tar --format=ustar -chf - "$tardir" >conftest.tar
configure:4026: $? = 0
configure:4030: tar -xf - <conftest.tar
configure:4033: $? = 0
configure:4035: cat conftest.dir/file
GrepMe
configure:4038: $? = 0
configure:4052: result: gnutar
configure:4132: checking whether make supports nested variables
configure:4150: result: yes
configure:4261: checking for gcc
configure:4282: found /usr/bin/gcc
configure:4293: result: gcc
configure:4646: checking for C compiler version
configure:4655: gcc --version >&5
gcc (Ubuntu 11.4.0-1ubuntu1~22.04) 11.4.0
Copyright (C) 2021 Free Software Foundation, Inc.
This is free software; see the source for copying conditions.  There is NO
warranty; not even for MERCHANTABILITY or FITNESS FOR A PARTICULAR PURPOSE.

configure:4666: $? = 0
configure:4655: gcc -v >&5
Using built-in specs.
COLLECT_GCC=gcc
COLLECT_LTO_WRAPPER=/usr/lib/gcc/x86_64-linux-gnu/11/lto-wrapper
OFFLOAD_TARGET_NAMES=nvptx-none:amdgcn-amdhsa
OFFLOAD_TARGET_DEFAULT=1
Target: x86_64-linux-gnu
Configured with: ../src/configure -v --with-pkgversion='Ubuntu 11.4.0-1ubuntu1~22.04' --with-bugurl=file:///usr/share/doc/gcc-11/README.Bugs --enable-languages=c,ada,c++,go,brig,d,fortran,objc,obj-c++,m2 --prefix=/usr --with-gcc-major-version-only --program-suffix=-11 --program-prefix=x86_64-linux-gnu- --enable-shared --enable-linker-build-id --libexecdir=/usr/lib --without-included-gettext --enable-threads=posix --libdir=/usr/lib --enable-nls --enable-bootstrap --enable-clocale=gnu --enable-libstdcxx-debug --enable-libstdcxx-time=yes --with-default-libstdcxx-abi=new --enable-gnu-unique-object --disable-vtable-verify --enable-plugin --enable-default-pie --with-system-zlib --enable-libphobos-checking=release --with-target-system-zlib=auto --enable-objc-gc=auto --enable-multiarch --disable-werror --enable-cet --with-arch-32=i686 --with-abi=m64 --with-multilib-list=m32,m64,mx32 --enable-multilib --with-tune=generic --enable-offload-targets=nvptx-none=/build/gcc-11-XeT9lY/gcc-11-11.4.0/debian/tmp-nvptx/usr,amdgcn-amdhsa=/build/gcc-11-XeT9lY/gcc-11-11.4.0/debian/tmp-gcn/usr --without-cuda-driver --enable-checking=release --build=x86_64-linux-gnu --host=x86_64-linux-gnu --target=x86_64-linux-gnu --with-build-config=bootstrap-lto-lean --enable-link-serialization=2
Thread model: posix
Supported LTO compression algorithms: zlib zstd
gcc version 11.4.0 (Ubuntu 11.4.0-1ubuntu1~22.04) 
... rest of stderr output deleted ...
configure:4666: $? = 0
configure:4655: gcc -V >&5
gcc: error: unrecognized command-line option '-V'
gcc: fatal error: no input files
compilation terminated.
configure:4666: $? = 1
configure:4655: gcc -qversion >&5
gcc: error: unrecognized command-line option '-qversion'; did you mean '--version'?
gcc: fatal error: no input files
compilation terminated.
configure:4666: $? = 1
configure:4655: gcc -version >&5
gcc: error: unrecognized command-line option '-version'
gcc: fatal error: no input files
compilation terminated.
configure:4666: $? = 1
configure:4686: checking whether the C compiler works
configure:4708: gcc    conftest.c  >&5
configure:4712: $? = 0
configure:4762: result: yes
configure:4765: checking for C compiler default output file name
configure:4767: result: a.out
configure:4773: checking for suffix of executables
configure:4780: gcc -o conftest    conftest.c  >&5
configure:4784: $? = 0
configure:4807: result: 
configure:4829: checking whether we are cross compiling
configure:4837: gcc -o conftest    conftest.c  >&5
configure:4841: $? = 0
configure:4848: ./conftest
configure:4852: $? = 0
configure:4867: result: no
configure:4872: checking for suffix of object files
configure:4895: gcc -c   conftest.c >&5
configure:4899: $? = 0
configure:4921: result: o
configure:4925: checking whether the compiler supports GNU C
configure:4945: gcc -c   conftest.c >&5
configure:4945: $? = 0
configure:4955: result: yes
configure:4966: checking whether gcc accepts -g
configure:4987: gcc -c -g  conftest.c >&5
configure:4987: $? = 0
configure:5031: result: yes
configure:5051: checking for gcc option to enable C11 features
configure:5066: gcc  -c   conftest.c >&5
configure:5066: $? = 0
configure:5084: result: none needed
configure:5200: checking whether gcc understands -c and -o together
configure:5223: gcc -c conftest.c -o conftest2.o
configure:5226: $? = 0
configure:5223: gcc -c conftest.c -o conftest2.o
configure:5226: $? = 0
configure:5238: result: yes
configure:5258: checking whether make supports the include directive
configure:5273: make -f confmf.GNU && cat confinc.out
this is the am__doit target
configure:5276: $? = 0
configure:5295: result: yes (GNU style)
configure:5321: checking dependency style of gcc
configure:5433: result: gcc3
configure:5517: checking for g++
configure:5538: found /usr/bin/g++
configure:5549: result: g++
configure:5576: checking for C++ compiler version
configure:5585: g++ --version >&5
g++ (Ubuntu 11.4.0-1ubuntu1~22.04) 11.4.0
Copyright (C) 2021 Free Software Foundation, Inc.
This is free software; see the source for copying conditions.  There is NO
warranty; not even for MERCHANTABILITY or FITNESS FOR A PARTICULAR PURPOSE.

configure:5596: $? = 0
configure:5585: g++ -v >&5
Using built-in specs.
COLLECT_GCC=g++
COLLECT_LTO_WRAPPER=/usr/lib/gcc/x86_64-linux-gnu/11/lto-wrapper
OFFLOAD_TARGET_NAMES=nvptx-none:amdgcn-amdhsa
OFFLOAD_TARGET_DEFAULT=1
Target: x86_64-linux-gnu
Configured with: ../src/configure -v --with-pkgversion='Ubuntu 11.4.0-1ubuntu1~22.04' --with-bugurl=file:///usr/share/doc/gcc-11/README.Bugs --enable-languages=c,ada,c++,go,brig,d,fortran,objc,obj-c++,m2 --prefix=/usr --with-gcc-major-version-only --program-suffix=-11 --program-prefix=x86_64-linux-gnu- --enable-shared --enable-linker-build-id --libexecdir=/usr/lib --without-included-gettext --enable-threads=posix --libdir=/usr/lib --enable-nls --enable-bootstrap --enable-clocale=gnu --enable-libstdcxx-debug --enable-libstdcxx-time=yes --with-default-libstdcxx-abi=new --enable-gnu-unique-object --disable-vtable-verify --enable-plugin --enable-default-pie --with-system-zlib --enable-libphobos-checking=release --with-target-system-zlib=auto --enable-objc-gc=auto --enable-multiarch --disable-werror --enable-cet --with-arch-32=i686 --with-abi=m64 --with-multilib-list=m32,m64,mx32 --enable-multilib --with-tune=generic --enable-offload-targets=nvptx-none=/build/gcc-11-XeT9lY/gcc-11-11.4.0/debian/tmp-nvptx/usr,amdgcn-amdhsa=/build/gcc-11-XeT9lY/gcc-11-11.4.0/debian/tmp-gcn/usr --without-cuda-driver --enable-checking=release --build=x86_64-linux-gnu --host=x86_64-linux-gnu --target=x86_64-linux-gnu --with-build-config=bootstrap-lto-lean --enable-link-serialization=2
Thread model: posix
Supported LTO compression algorithms: zlib zstd
gcc version 11.4.0 (Ubuntu 11.4.0-1ubuntu1~22.04) 
... rest of stderr output deleted ...
configure:5596: $? = 0
configure:5585: g++ -V >&5
g++: error: unrecognized command-line option '-V'
g++: fatal error: no input files
compilation terminated.
configure:5596: $? = 1
configure:5585: g++ -qversion >&5
g++: error: unrecognized command-line option '-qversion'; did you mean '--version'?
g++: fatal error: no input files
compilation terminated.
configure:5596: $? = 1
configure:5600: checking whether the compiler supports GNU C++
configure:5620: g++ -c   conftest.cpp >&5
configure:5620: $? = 0
configure:5630: result: yes
configure:5641: checking whether g++ accepts -g
configure:5662: g++ -c -g  conftest.cpp >&5
configure:5662: $? = 0
configure:5706: result: yes
configure:5726: checking for g++ option to enable C++11 features
configure:5741: g++  -c   conftest.cpp >&5
conftest.cpp: In function 'int main(int, char**)':
conftest.cpp:177:25: warning: empty parentheses were disambiguated as a function declaration [-Wvexing-parse]
  177 |   cxx11test::delegate d2();
      |                         ^~
conftest.cpp:177:25: note: remove parentheses to default-initialize a variable
  177 |   cxx11test::delegate d2();
      |                         ^~
      |                         --
conftest.cpp:177:25: note: or replace parentheses with braces to value-initialize a variable
configure:5741: $? = 0
configure:5759: result: none needed
configure:5825: checking dependency style of g++
configure:5937: result: gcc3
configure:5957: checking how to run the C preprocessor
configure:5983: gcc -E  conftest.c
configure:5983: $? = 0
configure:5998: gcc -E  conftest.c
conftest.c:11:10: fatal error: ac_nonexistent.h: No such file or directory
   11 | #include <ac_nonexistent.h>
      |          ^~~~~~~~~~~~~~~~~~
compilation terminated.
configure:5998: $? = 1
configure: failed program was:
| /* confdefs.h */
| #define PACKAGE_NAME "Protocol Buffers"
| #define PACKAGE_TARNAME "protobuf"
| #define PACKAGE_VERSION "3.12.0"
| #define PACKAGE_STRING "Protocol Buffers 3.12.0"
| #define PACKAGE_BUGREPORT "protobuf@googlegroups.com"
| #define PACKAGE_URL ""
| #define PACKAGE "protobuf"
| #define VERSION "3.12.0"
| /* end confdefs.h.  */
| #include <ac_nonexistent.h>
configure:6025: result: gcc -E
configure:6039: gcc -E  conftest.c
configure:6039: $? = 0
configure:6054: gcc -E  conftest.c
conftest.c:11:10: fatal error: ac_nonexistent.h: No such file or directory
   11 | #include <ac_nonexistent.h>
      |          ^~~~~~~~~~~~~~~~~~
compilation terminated.
configure:6054: $? = 1
configure: failed program was:
| /* confdefs.h */
| #define PACKAGE_NAME "Protocol Buffers"
| #define PACKAGE_TARNAME "protobuf"
| #define PACKAGE_VERSION "3.12.0"
| #define PACKAGE_STRING "Protocol Buffers 3.12.0"
| #define PACKAGE_BUGREPORT "protobuf@googlegroups.com"
| #define PACKAGE_URL ""
| #define PACKAGE "protobuf"
| #define VERSION "3.12.0"
| /* end confdefs.h.  */
| #include <ac_nonexistent.h>
configure:6145: checking for gcc
configure:6166: found /usr/bin/gcc
configure:6177: result: gcc
configure:6530: checking for C compiler version
configure:6539: gcc --version >&5
gcc (Ubuntu 11.4.0-1ubuntu1~22.04) 11.4.0
Copyright (C) 2021 Free Software Foundation, Inc.
This is free software; see the source for copying conditions.  There is NO
warranty; not even for MERCHANTABILITY or FITNESS FOR A PARTICULAR PURPOSE.

configure:6550: $? = 0
configure:6539: gcc -v >&5
Using built-in specs.
COLLECT_GCC=gcc
COLLECT_LTO_WRAPPER=/usr/lib/gcc/x86_64-linux-gnu/11/lto-wrapper
OFFLOAD_TARGET_NAMES=nvptx-none:amdgcn-amdhsa
OFFLOAD_TARGET_DEFAULT=1
Target: x86_64-linux-gnu
Configured with: ../src/configure -v --with-pkgversion='Ubuntu 11.4.0-1ubuntu1~22.04' --with-bugurl=file:///usr/share/doc/gcc-11/README.Bugs --enable-languages=c,ada,c++,go,brig,d,fortran,objc,obj-c++,m2 --prefix=/usr --with-gcc-major-version-only --program-suffix=-11 --program-prefix=x86_64-linux-gnu- --enable-shared --enable-linker-build-id --libexecdir=/usr/lib --without-included-gettext --enable-threads=posix --libdir=/usr/lib --enable-nls --enable-bootstrap --enable-clocale=gnu --enable-libstdcxx-debug --enable-libstdcxx-time=yes --with-default-libstdcxx-abi=new --enable-gnu-unique-object --disable-vtable-verify --enable-plugin --enable-default-pie --with-system-zlib --enable-libphobos-checking=release --with-target-system-zlib=auto --enable-objc-gc=auto --enable-multiarch --disable-werror --enable-cet --with-arch-32=i686 --with-abi=m64 --with-multilib-list=m32,m64,mx32 --enable-multilib --with-tune=generic --enable-offload-targets=nvptx-none=/build/gcc-11-XeT9lY/gcc-11-11.4.0/debian/tmp-nvptx/usr,amdgcn-amdhsa=/build/gcc-11-XeT9lY/gcc-11-11.4.0/debian/tmp-gcn/usr --without-cuda-driver --enable-checking=release --build=x86_64-linux-gnu --host=x86_64-linux-gnu --target=x86_64-linux-gnu --with-build-config=bootstrap-lto-lean --enable-link-serialization=2
Thread model: posix
Supported LTO compression algorithms: zlib zstd
gcc version 11.4.0 (Ubuntu 11.4.0-1ubuntu1~22.04) 
... rest of stderr output deleted ...
configure:6550: $? = 0
configure:6539: gcc -V >&5
gcc: error: unrecognized command-line option '-V'
gcc: fatal error: no input files
compilation terminated.
configure:6550: $? = 1
configure:6539: gcc -qversion >&5
gcc: error: unrecognized command-line option '-qversion'; did you mean '--version'?
gcc: fatal error: no input files
compilation terminated.
configure:6550: $? = 1
configure:6539: gcc -version >&5
gcc: error: unrecognized command-line option '-version'
gcc: fatal error: no input files
compilation terminated.
configure:6550: $? = 1
configure:6554: checking whether the compiler supports GNU C
configure:6584: result: yes
configure:6595: checking whether gcc accepts -g
configure:6616: gcc -c   conftest.c >&5
configure:6616: $? = 0
configure:6660: result: yes
configure:6680: checking for gcc option to enable C11 features
configure:6713: result: none needed
configure:6829: checking whether gcc understands -c and -o together
configure:6867: result: yes
configure:6886: checking dependency style of gcc
configure:6998: result: gcc3
configure:7018: checking how to run the C preprocessor
configure:7044: gcc -E  conftest.c
configure:7044: $? = 0
configure:7059: gcc -E  conftest.c
conftest.c:11:10: fatal error: ac_nonexistent.h: No such file or directory
   11 | #include <ac_nonexistent.h>
      |          ^~~~~~~~~~~~~~~~~~
compilation terminated.
configure:7059: $? = 1
configure: failed program was:
| /* confdefs.h */
| #define PACKAGE_NAME "Protocol Buffers"
| #define PACKAGE_TARNAME "protobuf"
| #define PACKAGE_VERSION "3.12.0"
| #define PACKAGE_STRING "Protocol Buffers 3.12.0"
| #define PACKAGE_BUGREPORT "protobuf@googlegroups.com"
| #define PACKAGE_URL ""
| #define PACKAGE "protobuf"
| #define VERSION "3.12.0"
| /* end confdefs.h.  */
| #include <ac_nonexistent.h>
configure:7086: result: gcc -E
configure:7100: gcc -E  conftest.c
configure:7100: $? = 0
configure:7115: gcc -E  conftest.c
conftest.c:11:10: fatal error: ac_nonexistent.h: No such file or directory
   11 | #include <ac_nonexistent.h>
      |          ^~~~~~~~~~~~~~~~~~
compilation terminated.
configure:7115: $? = 1
configure: failed program was:
| /* confdefs.h */
| #define PACKAGE_NAME "Protocol Buffers"
| #define PACKAGE_TARNAME "protobuf"
| #define PACKAGE_VERSION "3.12.0"
| #define PACKAGE_STRING "Protocol Buffers 3.12.0"
| #define PACKAGE_BUGREPORT "protobuf@googlegroups.com"
| #define PACKAGE_URL ""
| #define PACKAGE "protobuf"
| #define VERSION "3.12.0"
| /* end confdefs.h.  */
| #include <ac_nonexistent.h>
configure:7159: checking how to run the C++ preprocessor
configure:7181: g++ -E  conftest.cpp
configure:7181: $? = 0
configure:7196: g++ -E  conftest.cpp
conftest.cpp:11:10: fatal error: ac_nonexistent.h: No such file or directory
   11 | #include <ac_nonexistent.h>
      |          ^~~~~~~~~~~~~~~~~~
compilation terminated.
configure:7196: $? = 1
configure: failed program was:
| /* confdefs.h */
| #define PACKAGE_NAME "Protocol Buffers"
| #define PACKAGE_TARNAME "protobuf"
| #define PACKAGE_VERSION "3.12.0"
| #define PACKAGE_STRING "Protocol Buffers 3.12.0"
| #define PACKAGE_BUGREPORT "protobuf@googlegroups.com"
| #define PACKAGE_URL ""
| #define PACKAGE "protobuf"
| #define VERSION "3.12.0"
| /* end confdefs.h.  */
| #include <ac_nonexistent.h>
configure:7223: result: g++ -E
configure:7237: g++ -E  conftest.cpp
configure:7237: $? = 0
configure:7252: g++ -E  conftest.cpp
conftest.cpp:11:10: fatal error: ac_nonexistent.h: No such file or directory
   11 | #include <ac_nonexistent.h>
      |          ^~~~~~~~~~~~~~~~~~
compilation terminated.
configure:7252: $? = 1
configure: failed program was:
| /* confdefs.h */
| #define PACKAGE_NAME "Protocol Buffers"
| #define PACKAGE_TARNAME "protobuf"
| #define PACKAGE_VERSION "3.12.0"
| #define PACKAGE_STRING "Protocol Buffers 3.12.0"
| #define PACKAGE_BUGREPORT "protobuf@googlegroups.com"
| #define PACKAGE_URL ""
| #define PACKAGE "protobuf"
| #define VERSION "3.12.0"
| /* end confdefs.h.  */
| #include <ac_nonexistent.h>
configure:7352: checking for g++
configure:7373: found /usr/bin/g++
configure:7384: result: g++
configure:7411: checking for C++ compiler version
configure:7420: g++ --version >&5
g++ (Ubuntu 11.4.0-1ubuntu1~22.04) 11.4.0
Copyright (C) 2021 Free Software Foundation, Inc.
This is free software; see the source for copying conditions.  There is NO
warranty; not even for MERCHANTABILITY or FITNESS FOR A PARTICULAR PURPOSE.

configure:7431: $? = 0
configure:7420: g++ -v >&5
Using built-in specs.
COLLECT_GCC=g++
COLLECT_LTO_WRAPPER=/usr/lib/gcc/x86_64-linux-gnu/11/lto-wrapper
OFFLOAD_TARGET_NAMES=nvptx-none:amdgcn-amdhsa
OFFLOAD_TARGET_DEFAULT=1
Target: x86_64-linux-gnu
Configured with: ../src/configure -v --with-pkgversion='Ubuntu 11.4.0-1ubuntu1~22.04' --with-bugurl=file:///usr/share/doc/gcc-11/README.Bugs --enable-languages=c,ada,c++,go,brig,d,fortran,objc,obj-c++,m2 --prefix=/usr --with-gcc-major-version-only --program-suffix=-11 --program-prefix=x86_64-linux-gnu- --enable-shared --enable-linker-build-id --libexecdir=/usr/lib --without-included-gettext --enable-threads=posix --libdir=/usr/lib --enable-nls --enable-bootstrap --enable-clocale=gnu --enable-libstdcxx-debug --enable-libstdcxx-time=yes --with-default-libstdcxx-abi=new --enable-gnu-unique-object --disable-vtable-verify --enable-plugin --enable-default-pie --with-system-zlib --enable-libphobos-checking=release --with-target-system-zlib=auto --enable-objc-gc=auto --enable-multiarch --disable-werror --enable-cet --with-arch-32=i686 --with-abi=m64 --with-multilib-list=m32,m64,mx32 --enable-multilib --with-tune=generic --enable-offload-targets=nvptx-none=/build/gcc-11-XeT9lY/gcc-11-11.4.0/debian/tmp-nvptx/usr,amdgcn-amdhsa=/build/gcc-11-XeT9lY/gcc-11-11.4.0/debian/tmp-gcn/usr --without-cuda-driver --enable-checking=release --build=x86_64-linux-gnu --host=x86_64-linux-gnu --target=x86_64-linux-gnu --with-build-config=bootstrap-lto-lean --enable-link-serialization=2
Thread model: posix
Supported LTO compression algorithms: zlib zstd
gcc version 11.4.0 (Ubuntu 11.4.0-1ubuntu1~22.04) 
... rest of stderr output deleted ...
configure:7431: $? = 0
configure:7420: g++ -V >&5
g++: error: unrecognized command-line option '-V'
g++: fatal error: no input files
compilation terminated.
configure:7431: $? = 1
configure:7420: g++ -qversion >&5
g++: error: unrecognized command-line option '-qversion'; did you mean '--version'?
g++: fatal error: no input files
compilation terminated.
configure:7431: $? = 1
configure:7435: checking whether the compiler supports GNU C++
configure:7465: result: yes
configure:7476: checking whether g++ accepts -g
configure:7497: gcc -c   conftest.cpp >&5
configure:7497: $? = 0
configure:7541: result: yes
configure:7561: checking for g++ option to enable C++11 features
configure:7594: result: none needed
configure:7660: checking dependency style of g++
configure:7772: result: gcc3
configure:7792: checking how to run the C++ preprocessor
configure:7814: g++ -E  conftest.cpp
configure:7814: $? = 0
configure:7829: g++ -E  conftest.cpp
conftest.cpp:11:10: fatal error: ac_nonexistent.h: No such file or directory
   11 | #include <ac_nonexistent.h>
      |          ^~~~~~~~~~~~~~~~~~
compilation terminated.
configure:7829: $? = 1
configure: failed program was:
| /* confdefs.h */
| #define PACKAGE_NAME "Protocol Buffers"
| #define PACKAGE_TARNAME "protobuf"
| #define PACKAGE_VERSION "3.12.0"
| #define PACKAGE_STRING "Protocol Buffers 3.12.0"
| #define PACKAGE_BUGREPORT "protobuf@googlegroups.com"
| #define PACKAGE_URL ""
| #define PACKAGE "protobuf"
| #define VERSION "3.12.0"
| /* end confdefs.h.  */
| #include <ac_nonexistent.h>
configure:7856: result: g++ -E
configure:7870: g++ -E  conftest.cpp
configure:7870: $? = 0
configure:7885: g++ -E  conftest.cpp
conftest.cpp:11:10: fatal error: ac_nonexistent.h: No such file or directory
   11 | #include <ac_nonexistent.h>
      |          ^~~~~~~~~~~~~~~~~~
compilation terminated.
configure:7885: $? = 1
configure: failed program was:
| /* confdefs.h */
| #define PACKAGE_NAME "Protocol Buffers"
| #define PACKAGE_TARNAME "protobuf"
| #define PACKAGE_VERSION "3.12.0"
| #define PACKAGE_STRING "Protocol Buffers 3.12.0"
| #define PACKAGE_BUGREPORT "protobuf@googlegroups.com"
| #define PACKAGE_URL ""
| #define PACKAGE "protobuf"
| #define VERSION "3.12.0"
| /* end confdefs.h.  */
| #include <ac_nonexistent.h>
configure:7932: checking for stdio.h
configure:7932: g++ -c   conftest.cpp >&5
configure:7932: $? = 0
configure:7932: result: yes
configure:7932: checking for stdlib.h
configure:7932: g++ -c   conftest.cpp >&5
configure:7932: $? = 0
configure:7932: result: yes
configure:7932: checking for string.h
configure:7932: g++ -c   conftest.cpp >&5
configure:7932: $? = 0
configure:7932: result: yes
configure:7932: checking for inttypes.h
configure:7932: g++ -c   conftest.cpp >&5
configure:7932: $? = 0
configure:7932: result: yes
configure:7932: checking for stdint.h
configure:7932: g++ -c   conftest.cpp >&5
configure:7932: $? = 0
configure:7932: result: yes
configure:7932: checking for strings.h
configure:7932: g++ -c   conftest.cpp >&5
configure:7932: $? = 0
configure:7932: result: yes
configure:7932: checking for sys/stat.h
configure:7932: g++ -c   conftest.cpp >&5
configure:7932: $? = 0
configure:7932: result: yes
configure:7932: checking for sys/types.h
configure:7932: g++ -c   conftest.cpp >&5
configure:7932: $? = 0
configure:7932: result: yes
configure:7932: checking for unistd.h
configure:7932: g++ -c   conftest.cpp >&5
configure:7932: $? = 0
configure:7932: result: yes
configure:7932: checking for wchar.h
configure:7932: g++ -c   conftest.cpp >&5
configure:7932: $? = 0
configure:7932: result: yes
configure:7932: checking for minix/config.h
configure:7932: g++ -c   conftest.cpp >&5
conftest.cpp:49:10: fatal error: minix/config.h: No such file or directory
   49 | #include <minix/config.h>
      |          ^~~~~~~~~~~~~~~~
compilation terminated.
configure:7932: $? = 1
configure: failed program was:
| /* confdefs.h */
| #define PACKAGE_NAME "Protocol Buffers"
| #define PACKAGE_TARNAME "protobuf"
| #define PACKAGE_VERSION "3.12.0"
| #define PACKAGE_STRING "Protocol Buffers 3.12.0"
| #define PACKAGE_BUGREPORT "protobuf@googlegroups.com"
| #define PACKAGE_URL ""
| #define PACKAGE "protobuf"
| #define VERSION "3.12.0"
| #define HAVE_STDIO_H 1
| #define HAVE_STDLIB_H 1
| #define HAVE_STRING_H 1
| #define HAVE_INTTYPES_H 1
| #define HAVE_STDINT_H 1
| #define HAVE_STRINGS_H 1
| #define HAVE_SYS_STAT_H 1
| #define HAVE_SYS_TYPES_H 1
| #define HAVE_UNISTD_H 1
| #define HAVE_WCHAR_H 1
| /* end confdefs.h.  */
| #include <stddef.h>
| #ifdef HAVE_STDIO_H
| # include <stdio.h>
| #endif
| #ifdef HAVE_STDLIB_H
| # include <stdlib.h>
| #endif
| #ifdef HAVE_STRING_H
| # include <string.h>
| #endif
| #ifdef HAVE_INTTYPES_H
| # include <inttypes.h>
| #endif
| #ifdef HAVE_STDINT_H
| # include <stdint.h>
| #endif
| #ifdef HAVE_STRINGS_H
| # include <strings.h>
| #endif
| #ifdef HAVE_SYS_TYPES_H
| # include <sys/types.h>
| #endif
| #ifdef HAVE_SYS_STAT_H
| # include <sys/stat.h>
| #endif
| #ifdef HAVE_UNISTD_H
| # include <unistd.h>
| #endif
| #include <minix/config.h>
configure:7932: result: no
configure:7963: checking whether it is safe to define __EXTENSIONS__
configure:7982: g++ -c   conftest.cpp >&5
configure:7982: $? = 0
configure:7990: result: yes
configure:7993: checking whether _XOPEN_SOURCE should be defined
configure:8015: g++ -c   conftest.cpp >&5
configure:8015: $? = 0
configure:8042: result: no
configure:8159: checking for ar
configure:8180: found /usr/bin/ar
configure:8191: result: ar
configure:8217: checking the archiver (ar) interface
configure:8234: gcc -c   conftest.c >&5
configure:8234: $? = 0
configure:8237: ar cru libconftest.a conftest.o >&5
ar: `u' modifier ignored since `D' is the default (see `U')
configure:8240: $? = 0
configure:8268: result: ar
configure:8355: checking for gcc
configure:8376: found /usr/bin/gcc
configure:8387: result: gcc
configure:8412: checking for Objective C compiler version
configure:8421: gcc --version >&5
gcc (Ubuntu 11.4.0-1ubuntu1~22.04) 11.4.0
Copyright (C) 2021 Free Software Foundation, Inc.
This is free software; see the source for copying conditions.  There is NO
warranty; not even for MERCHANTABILITY or FITNESS FOR A PARTICULAR PURPOSE.

configure:8432: $? = 0
configure:8421: gcc -v >&5
Using built-in specs.
COLLECT_GCC=gcc
COLLECT_LTO_WRAPPER=/usr/lib/gcc/x86_64-linux-gnu/11/lto-wrapper
OFFLOAD_TARGET_NAMES=nvptx-none:amdgcn-amdhsa
OFFLOAD_TARGET_DEFAULT=1
Target: x86_64-linux-gnu
Configured with: ../src/configure -v --with-pkgversion='Ubuntu 11.4.0-1ubuntu1~22.04' --with-bugurl=file:///usr/share/doc/gcc-11/README.Bugs --enable-languages=c,ada,c++,go,brig,d,fortran,objc,obj-c++,m2 --prefix=/usr --with-gcc-major-version-only --program-suffix=-11 --program-prefix=x86_64-linux-gnu- --enable-shared --enable-linker-build-id --libexecdir=/usr/lib --without-included-gettext --enable-threads=posix --libdir=/usr/lib --enable-nls --enable-bootstrap --enable-clocale=gnu --enable-libstdcxx-debug --enable-libstdcxx-time=yes --with-default-libstdcxx-abi=new --enable-gnu-unique-object --disable-vtable-verify --enable-plugin --enable-default-pie --with-system-zlib --enable-libphobos-checking=release --with-target-system-zlib=auto --enable-objc-gc=auto --enable-multiarch --disable-werror --enable-cet --with-arch-32=i686 --with-abi=m64 --with-multilib-list=m32,m64,mx32 --enable-multilib --with-tune=generic --enable-offload-targets=nvptx-none=/build/gcc-11-XeT9lY/gcc-11-11.4.0/debian/tmp-nvptx/usr,amdgcn-amdhsa=/build/gcc-11-XeT9lY/gcc-11-11.4.0/debian/tmp-gcn/usr --without-cuda-driver --enable-checking=release --build=x86_64-linux-gnu --host=x86_64-linux-gnu --target=x86_64-linux-gnu --with-build-config=bootstrap-lto-lean --enable-link-serialization=2
Thread model: posix
Supported LTO compression algorithms: zlib zstd
gcc version 11.4.0 (Ubuntu 11.4.0-1ubuntu1~22.04) 
... rest of stderr output deleted ...
configure:8432: $? = 0
configure:8421: gcc -V >&5
gcc: error: unrecognized command-line option '-V'
gcc: fatal error: no input files
compilation terminated.
configure:8432: $? = 1
configure:8421: gcc -qversion >&5
gcc: error: unrecognized command-line option '-qversion'; did you mean '--version'?
gcc: fatal error: no input files
compilation terminated.
configure:8432: $? = 1
configure:8436: checking whether the compiler supports GNU Objective C
configure:8456: gcc -c   conftest.m >&5
gcc: fatal error: cannot execute 'cc1obj': execvp: No such file or directory
compilation terminated.
configure:8456: $? = 1
configure: failed program was:
| /* confdefs.h */
| #define PACKAGE_NAME "Protocol Buffers"
| #define PACKAGE_TARNAME "protobuf"
| #define PACKAGE_VERSION "3.12.0"
| #define PACKAGE_STRING "Protocol Buffers 3.12.0"
| #define PACKAGE_BUGREPORT "protobuf@googlegroups.com"
| #define PACKAGE_URL ""
| #define PACKAGE "protobuf"
| #define VERSION "3.12.0"
| #define HAVE_STDIO_H 1
| #define HAVE_STDLIB_H 1
| #define HAVE_STRING_H 1
| #define HAVE_INTTYPES_H 1
| #define HAVE_STDINT_H 1
| #define HAVE_STRINGS_H 1
| #define HAVE_SYS_STAT_H 1
| #define HAVE_SYS_TYPES_H 1
| #define HAVE_UNISTD_H 1
| #define HAVE_WCHAR_H 1
| #define STDC_HEADERS 1
| #define _ALL_SOURCE 1
| #define _DARWIN_C_SOURCE 1
| #define _GNU_SOURCE 1
| #define _HPUX_ALT_XOPEN_SOCKET_API 1
| #define _NETBSD_SOURCE 1
| #define _OPENBSD_SOURCE 1
| #define _POSIX_PTHREAD_SEMANTICS 1
| #define __STDC_WANT_IEC_60559_ATTRIBS_EXT__ 1
| #define __STDC_WANT_IEC_60559_BFP_EXT__ 1
| #define __STDC_WANT_IEC_60559_DFP_EXT__ 1
| #define __STDC_WANT_IEC_60559_FUNCS_EXT__ 1
| #define __STDC_WANT_IEC_60559_TYPES_EXT__ 1
| #define __STDC_WANT_LIB_EXT2__ 1
| #define __STDC_WANT_MATH_SPEC_FUNCS__ 1
| #define _TANDEM_SOURCE 1
| #define __EXTENSIONS__ 1
| /* end confdefs.h.  */
| 
| int
| main (void)
| {
| #ifndef __GNUC__
|        choke me
| #endif
| 
|   ;
|   return 0;
| }
configure:8466: result: no
configure:8477: checking whether gcc accepts -g
configure:8498: gcc -c -g  conftest.m >&5
gcc: fatal error: cannot execute 'cc1obj': execvp: No such file or directory
compilation terminated.
configure:8498: $? = 1
configure: failed program was:
| /* confdefs.h */
| #define PACKAGE_NAME "Protocol Buffers"
| #define PACKAGE_TARNAME "protobuf"
| #define PACKAGE_VERSION "3.12.0"
| #define PACKAGE_STRING "Protocol Buffers 3.12.0"
| #define PACKAGE_BUGREPORT "protobuf@googlegroups.com"
| #define PACKAGE_URL ""
| #define PACKAGE "protobuf"
| #define VERSION "3.12.0"
| #define HAVE_STDIO_H 1
| #define HAVE_STDLIB_H 1
| #define HAVE_STRING_H 1
| #define HAVE_INTTYPES_H 1
| #define HAVE_STDINT_H 1
| #define HAVE_STRINGS_H 1
| #define HAVE_SYS_STAT_H 1
| #define HAVE_SYS_TYPES_H 1
| #define HAVE_UNISTD_H 1
| #define HAVE_WCHAR_H 1
| #define STDC_HEADERS 1
| #define _ALL_SOURCE 1
| #define _DARWIN_C_SOURCE 1
| #define _GNU_SOURCE 1
| #define _HPUX_ALT_XOPEN_SOCKET_API 1
| #define _NETBSD_SOURCE 1
| #define _OPENBSD_SOURCE 1
| #define _POSIX_PTHREAD_SEMANTICS 1
| #define __STDC_WANT_IEC_60559_ATTRIBS_EXT__ 1
| #define __STDC_WANT_IEC_60559_BFP_EXT__ 1
| #define __STDC_WANT_IEC_60559_DFP_EXT__ 1
| #define __STDC_WANT_IEC_60559_FUNCS_EXT__ 1
| #define __STDC_WANT_IEC_60559_TYPES_EXT__ 1
| #define __STDC_WANT_LIB_EXT2__ 1
| #define __STDC_WANT_MATH_SPEC_FUNCS__ 1
| #define _TANDEM_SOURCE 1
| #define __EXTENSIONS__ 1
| /* end confdefs.h.  */
| 
| int
| main (void)
| {
| 
|   ;
|   return 0;
| }
configure:8514: gcc -c   conftest.m >&5
gcc: fatal error: cannot execute 'cc1obj': execvp: No such file or directory
compilation terminated.
configure:8514: $? = 1
configure: failed program was:
| /* confdefs.h */
| #define PACKAGE_NAME "Protocol Buffers"
| #define PACKAGE_TARNAME "protobuf"
| #define PACKAGE_VERSION "3.12.0"
| #define PACKAGE_STRING "Protocol Buffers 3.12.0"
| #define PACKAGE_BUGREPORT "protobuf@googlegroups.com"
| #define PACKAGE_URL ""
| #define PACKAGE "protobuf"
| #define VERSION "3.12.0"
| #define HAVE_STDIO_H 1
| #define HAVE_STDLIB_H 1
| #define HAVE_STRING_H 1
| #define HAVE_INTTYPES_H 1
| #define HAVE_STDINT_H 1
| #define HAVE_STRINGS_H 1
| #define HAVE_SYS_STAT_H 1
| #define HAVE_SYS_TYPES_H 1
| #define HAVE_UNISTD_H 1
| #define HAVE_WCHAR_H 1
| #define STDC_HEADERS 1
| #define _ALL_SOURCE 1
| #define _DARWIN_C_SOURCE 1
| #define _GNU_SOURCE 1
| #define _HPUX_ALT_XOPEN_SOCKET_API 1
| #define _NETBSD_SOURCE 1
| #define _OPENBSD_SOURCE 1
| #define _POSIX_PTHREAD_SEMANTICS 1
| #define __STDC_WANT_IEC_60559_ATTRIBS_EXT__ 1
| #define __STDC_WANT_IEC_60559_BFP_EXT__ 1
| #define __STDC_WANT_IEC_60559_DFP_EXT__ 1
| #define __STDC_WANT_IEC_60559_FUNCS_EXT__ 1
| #define __STDC_WANT_IEC_60559_TYPES_EXT__ 1
| #define __STDC_WANT_LIB_EXT2__ 1
| #define __STDC_WANT_MATH_SPEC_FUNCS__ 1
| #define _TANDEM_SOURCE 1
| #define __EXTENSIONS__ 1
| /* end confdefs.h.  */
| 
| int
| main (void)
| {
| 
|   ;
|   return 0;
| }
configure:8531: gcc -c -g  conftest.m >&5
gcc: fatal error: cannot execute 'cc1obj': execvp: No such file or directory
compilation terminated.
configure:8531: $? = 1
configure: failed program was:
| /* confdefs.h */
| #define PACKAGE_NAME "Protocol Buffers"
| #define PACKAGE_TARNAME "protobuf"
| #define PACKAGE_VERSION "3.12.0"
| #define PACKAGE_STRING "Protocol Buffers 3.12.0"
| #define PACKAGE_BUGREPORT "protobuf@googlegroups.com"
| #define PACKAGE_URL ""
| #define PACKAGE "protobuf"
| #define VERSION "3.12.0"
| #define HAVE_STDIO_H 1
| #define HAVE_STDLIB_H 1
| #define HAVE_STRING_H 1
| #define HAVE_INTTYPES_H 1
| #define HAVE_STDINT_H 1
| #define HAVE_STRINGS_H 1
| #define HAVE_SYS_STAT_H 1
| #define HAVE_SYS_TYPES_H 1
| #define HAVE_UNISTD_H 1
| #define HAVE_WCHAR_H 1
| #define STDC_HEADERS 1
| #define _ALL_SOURCE 1
| #define _DARWIN_C_SOURCE 1
| #define _GNU_SOURCE 1
| #define _HPUX_ALT_XOPEN_SOCKET_API 1
| #define _NETBSD_SOURCE 1
| #define _OPENBSD_SOURCE 1
| #define _POSIX_PTHREAD_SEMANTICS 1
| #define __STDC_WANT_IEC_60559_ATTRIBS_EXT__ 1
| #define __STDC_WANT_IEC_60559_BFP_EXT__ 1
| #define __STDC_WANT_IEC_60559_DFP_EXT__ 1
| #define __STDC_WANT_IEC_60559_FUNCS_EXT__ 1
| #define __STDC_WANT_IEC_60559_TYPES_EXT__ 1
| #define __STDC_WANT_LIB_EXT2__ 1
| #define __STDC_WANT_MATH_SPEC_FUNCS__ 1
| #define _TANDEM_SOURCE 1
| #define __EXTENSIONS__ 1
| /* end confdefs.h.  */
| 
| int
| main (void)
| {
| 
|   ;
|   return 0;
| }
configure:8542: result: no
configure:8567: checking dependency style of gcc
configure:8677: result: gcc3
configure:8694: checking C++ compiler flags...
configure:8712: result: use default: -O2  -g -std=c++11 -DNDEBUG
configure:8724: checking for g++ options needed to detect all undeclared functions
configure:8746: g++ -c  -g -std=c++11 -DNDEBUG  conftest.cpp >&5
conftest.cpp: In function 'int main()':
conftest.cpp:42:8: error: 'strchr' was not declared in this scope
   42 | (void) strchr;
      |        ^~~~~~
conftest.cpp:1:1: note: 'strchr' is defined in header '<cstring>'; did you forget to '#include <cstring>'?
    1 | /* confdefs.h */
configure:8746: $? = 1
configure: failed program was:
| /* confdefs.h */
| #define PACKAGE_NAME "Protocol Buffers"
| #define PACKAGE_TARNAME "protobuf"
| #define PACKAGE_VERSION "3.12.0"
| #define PACKAGE_STRING "Protocol Buffers 3.12.0"
| #define PACKAGE_BUGREPORT "protobuf@googlegroups.com"
| #define PACKAGE_URL ""
| #define PACKAGE "protobuf"
| #define VERSION "3.12.0"
| #define HAVE_STDIO_H 1
| #define HAVE_STDLIB_H 1
| #define HAVE_STRING_H 1
| #define HAVE_INTTYPES_H 1
| #define HAVE_STDINT_H 1
| #define HAVE_STRINGS_H 1
| #define HAVE_SYS_STAT_H 1
| #define HAVE_SYS_TYPES_H 1
| #define HAVE_UNISTD_H 1
| #define HAVE_WCHAR_H 1
| #define STDC_HEADERS 1
| #define _ALL_SOURCE 1
| #define _DARWIN_C_SOURCE 1
| #define _GNU_SOURCE 1
| #define _HPUX_ALT_XOPEN_SOCKET_API 1
| #define _NETBSD_SOURCE 1
| #define _OPENBSD_SOURCE 1
| #define _POSIX_PTHREAD_SEMANTICS 1
| #define __STDC_WANT_IEC_60559_ATTRIBS_EXT__ 1
| #define __STDC_WANT_IEC_60559_BFP_EXT__ 1
| #define __STDC_WANT_IEC_60559_DFP_EXT__ 1
| #define __STDC_WANT_IEC_60559_FUNCS_EXT__ 1
| #define __STDC_WANT_IEC_60559_TYPES_EXT__ 1
| #define __STDC_WANT_LIB_EXT2__ 1
| #define __STDC_WANT_MATH_SPEC_FUNCS__ 1
| #define _TANDEM_SOURCE 1
| #define __EXTENSIONS__ 1
| /* end confdefs.h.  */
| 
| int
| main (void)
| {
| (void) strchr;
|   ;
|   return 0;
| }
configure:8773: g++ -c  -g -std=c++11 -DNDEBUG  conftest.cpp >&5
configure:8773: $? = 0
configure:8790: result: none needed
configure:8812: checking whether __SUNPRO_CC is declared
configure:8812: g++ -c  -g -std=c++11 -DNDEBUG   conftest.cpp >&5
conftest.cpp: In function 'int main()':
conftest.cpp:71:10: error: '__SUNPRO_CC' was not declared in this scope
   71 |   (void) __SUNPRO_CC;
      |          ^~~~~~~~~~~
configure:8812: $? = 1
configure: failed program was:
| /* confdefs.h */
| #define PACKAGE_NAME "Protocol Buffers"
| #define PACKAGE_TARNAME "protobuf"
| #define PACKAGE_VERSION "3.12.0"
| #define PACKAGE_STRING "Protocol Buffers 3.12.0"
| #define PACKAGE_BUGREPORT "protobuf@googlegroups.com"
| #define PACKAGE_URL ""
| #define PACKAGE "protobuf"
| #define VERSION "3.12.0"
| #define HAVE_STDIO_H 1
| #define HAVE_STDLIB_H 1
| #define HAVE_STRING_H 1
| #define HAVE_INTTYPES_H 1
| #define HAVE_STDINT_H 1
| #define HAVE_STRINGS_H 1
| #define HAVE_SYS_STAT_H 1
| #define HAVE_SYS_TYPES_H 1
| #define HAVE_UNISTD_H 1
| #define HAVE_WCHAR_H 1
| #define STDC_HEADERS 1
| #define _ALL_SOURCE 1
| #define _DARWIN_C_SOURCE 1
| #define _GNU_SOURCE 1
| #define _HPUX_ALT_XOPEN_SOCKET_API 1
| #define _NETBSD_SOURCE 1
| #define _OPENBSD_SOURCE 1
| #define _POSIX_PTHREAD_SEMANTICS 1
| #define __STDC_WANT_IEC_60559_ATTRIBS_EXT__ 1
| #define __STDC_WANT_IEC_60559_BFP_EXT__ 1
| #define __STDC_WANT_IEC_60559_DFP_EXT__ 1
| #define __STDC_WANT_IEC_60559_FUNCS_EXT__ 1
| #define __STDC_WANT_IEC_60559_TYPES_EXT__ 1
| #define __STDC_WANT_LIB_EXT2__ 1
| #define __STDC_WANT_MATH_SPEC_FUNCS__ 1
| #define _TANDEM_SOURCE 1
| #define __EXTENSIONS__ 1
| /* end confdefs.h.  */
| #include <stddef.h>
| #ifdef HAVE_STDIO_H
| # include <stdio.h>
| #endif
| #ifdef HAVE_STDLIB_H
| # include <stdlib.h>
| #endif
| #ifdef HAVE_STRING_H
| # include <string.h>
| #endif
| #ifdef HAVE_INTTYPES_H
| # include <inttypes.h>
| #endif
| #ifdef HAVE_STDINT_H
| # include <stdint.h>
| #endif
| #ifdef HAVE_STRINGS_H
| # include <strings.h>
| #endif
| #ifdef HAVE_SYS_TYPES_H
| # include <sys/types.h>
| #endif
| #ifdef HAVE_SYS_STAT_H
| # include <sys/stat.h>
| #endif
| #ifdef HAVE_UNISTD_H
| # include <unistd.h>
| #endif
| int
| main (void)
| {
| #ifndef __SUNPRO_CC
| #ifdef __cplusplus
|   (void) __SUNPRO_CC;
| #else
|   (void) __SUNPRO_CC;
| #endif
| #endif
| 
|   ;
|   return 0;
| }
configure:8812: result: no
configure:8995: checking how to print strings
configure:9022: result: printf
configure:9043: checking for a sed that does not truncate output
configure:9113: result: /usr/bin/sed
configure:9131: checking for grep that handles long lines and -e
configure:9195: result: /usr/bin/grep
configure:9200: checking for egrep
configure:9268: result: /usr/bin/grep -E
configure:9273: checking for fgrep
configure:9341: result: /usr/bin/grep -F
configure:9377: checking for ld used by gcc
configure:9445: result: /usr/bin/ld
configure:9452: checking if the linker (/usr/bin/ld) is GNU ld
configure:9468: result: yes
configure:9480: checking for BSD- or MS-compatible name lister (nm)
configure:9535: result: /usr/bin/nm -B
configure:9675: checking the name lister (/usr/bin/nm -B) interface
configure:9683: g++ -c  -g -std=c++11 -DNDEBUG  conftest.cpp >&5
configure:9686: /usr/bin/nm -B "conftest.o"
configure:9689: output
0000000000000000 B some_variable
configure:9696: result: BSD nm
configure:9699: checking whether ln -s works
configure:9703: result: yes
configure:9711: checking the maximum length of command line arguments
configure:9843: result: 1572864
configure:9891: checking how to convert x86_64-pc-linux-gnu file names to x86_64-pc-linux-gnu format
configure:9932: result: func_convert_file_noop
configure:9939: checking how to convert x86_64-pc-linux-gnu file names to toolchain format
configure:9960: result: func_convert_file_noop
configure:9967: checking for /usr/bin/ld option to reload object files
configure:9975: result: -r
configure:10054: checking for objdump
configure:10075: found /usr/bin/objdump
configure:10086: result: objdump
configure:10118: checking how to recognize dependent libraries
configure:10319: result: pass_all
configure:10409: checking for dlltool
configure:10444: result: no
configure:10474: checking how to associate runtime and link libraries
configure:10502: result: printf %s\n
configure:10636: checking for archiver @FILE support
configure:10654: g++ -c  -g -std=c++11 -DNDEBUG  conftest.cpp >&5
configure:10654: $? = 0
configure:10658: ar cr libconftest.a @conftest.lst >&5
configure:10661: $? = 0
configure:10666: ar cr libconftest.a @conftest.lst >&5
ar: conftest.o: No such file or directory
configure:10669: $? = 1
configure:10681: result: @
configure:10744: checking for strip
configure:10765: found /usr/bin/strip
configure:10776: result: strip
configure:10853: checking for ranlib
configure:10874: found /usr/bin/ranlib
configure:10885: result: ranlib
configure:10987: checking command to parse /usr/bin/nm -B output from gcc object
configure:11141: g++ -c  -g -std=c++11 -DNDEBUG  conftest.cpp >&5
configure:11144: $? = 0
configure:11148: /usr/bin/nm -B conftest.o | sed -n -e 's/^.*[	 ]\([ABCDGIRSTW][ABCDGIRSTW]*\)[	 ][	 ]*\([_A-Za-z][_A-Za-z0-9]*\)$/\1 \2 \2/p' | sed '/ __gnu_lto/d' > conftest.nm
configure:11214: g++ -o conftest  -g -std=c++11 -DNDEBUG   conftest.cpp conftstm.o >&5
configure:11217: $? = 0
configure:11255: result: ok
configure:11302: checking for sysroot
configure:11333: result: no
configure:11340: checking for a working dd
configure:11384: result: /usr/bin/dd
configure:11388: checking how to truncate binary pipes
configure:11404: result: /usr/bin/dd bs=4096 count=1
configure:11541: g++ -c  -g -std=c++11 -DNDEBUG  conftest.cpp >&5
configure:11544: $? = 0
configure:11741: checking for mt
configure:11762: found /usr/bin/mt
configure:11773: result: mt
configure:11796: checking if mt is a manifest tool
configure:11803: mt '-?'
configure:11811: result: no
configure:12537: checking for dlfcn.h
configure:12537: g++ -c  -g -std=c++11 -DNDEBUG  conftest.cpp >&5
configure:12537: $? = 0
configure:12537: result: yes
configure:12806: checking for objdir
configure:12822: result: .libs
configure:13086: checking if gcc supports -fno-rtti -fno-exceptions
configure:13105: gcc -c   -fno-rtti -fno-exceptions conftest.c >&5
cc1: warning: command-line option '-fno-rtti' is valid for C++/D/ObjC++ but not for C
configure:13109: $? = 0
configure:13122: result: no
configure:13486: checking for gcc option to produce PIC
configure:13494: result: -fPIC -DPIC
configure:13502: checking if gcc PIC flag -fPIC -DPIC works
configure:13521: gcc -c   -fPIC -DPIC -DPIC conftest.c >&5
configure:13525: $? = 0
configure:13538: result: yes
configure:13567: checking if gcc static flag -static works
configure:13596: result: yes
configure:13611: checking if gcc supports -c -o file.o
configure:13633: gcc -c   -o out/conftest2.o conftest.c >&5
configure:13637: $? = 0
configure:13659: result: yes
configure:13667: checking if gcc supports -c -o file.o
configure:13715: result: yes
configure:13748: checking whether the gcc linker (/usr/bin/ld -m elf_x86_64) supports shared libraries
configure:15018: result: yes
configure:15055: checking whether -lc should be explicitly linked in
configure:15064: gcc -c   conftest.c >&5
configure:15067: $? = 0
configure:15082: gcc -shared  -fPIC -DPIC conftest.o  -v -Wl,-soname -Wl,conftest -o conftest 2\>\&1 \| /usr/bin/grep  -lc  \>/dev/null 2\>\&1
configure:15085: $? = 0
configure:15099: result: no
configure:15259: checking dynamic linker characteristics
configure:15841: gcc -o conftest    -Wl,-rpath -Wl,/foo conftest.c  >&5
configure:15841: $? = 0
configure:16092: result: GNU/Linux ld.so
configure:16214: checking how to hardcode library paths into programs
configure:16239: result: immediate
configure:16791: checking whether stripping libraries is possible
configure:16796: result: yes
configure:16831: checking if libtool supports shared libraries
configure:16833: result: yes
configure:16836: checking whether to build shared libraries
configure:16861: result: yes
configure:16864: checking whether to build static libraries
configure:16868: result: yes
configure:16891: checking how to run the C++ preprocessor
configure:16955: result: g++ -E
configure:16969: g++ -E  conftest.cpp
configure:16969: $? = 0
configure:16984: g++ -E  conftest.cpp
conftest.cpp:40:10: fatal error: ac_nonexistent.h: No such file or directory
   40 | #include <ac_nonexistent.h>
      |          ^~~~~~~~~~~~~~~~~~
compilation terminated.
configure:16984: $? = 1
configure: failed program was:
| /* confdefs.h */
| #define PACKAGE_NAME "Protocol Buffers"
| #define PACKAGE_TARNAME "protobuf"
| #define PACKAGE_VERSION "3.12.0"
| #define PACKAGE_STRING "Protocol Buffers 3.12.0"
| #define PACKAGE_BUGREPORT "protobuf@googlegroups.com"
| #define PACKAGE_URL ""
| #define PACKAGE "protobuf"
| #define VERSION "3.12.0"
| #define HAVE_STDIO_H 1
| #define HAVE_STDLIB_H 1
| #define HAVE_STRING_H 1
| #define HAVE_INTTYPES_H 1
| #define HAVE_STDINT_H 1
| #define HAVE_STRINGS_H 1
| #define HAVE_SYS_STAT_H 1
| #define HAVE_SYS_TYPES_H 1
| #define HAVE_UNISTD_H 1
| #define HAVE_WCHAR_H 1
| #define STDC_HEADERS 1
| #define _ALL_SOURCE 1
| #define _DARWIN_C_SOURCE 1
| #define _GNU_SOURCE 1
| #define _HPUX_ALT_XOPEN_SOCKET_API 1
| #define _NETBSD_SOURCE 1
| #define _OPENBSD_SOURCE 1
| #define _POSIX_PTHREAD_SEMANTICS 1
| #define __STDC_WANT_IEC_60559_ATTRIBS_EXT__ 1
| #define __STDC_WANT_IEC_60559_BFP_EXT__ 1
| #define __STDC_WANT_IEC_60559_DFP_EXT__ 1
| #define __STDC_WANT_IEC_60559_FUNCS_EXT__ 1
| #define __STDC_WANT_IEC_60559_TYPES_EXT__ 1
| #define __STDC_WANT_LIB_EXT2__ 1
| #define __STDC_WANT_MATH_SPEC_FUNCS__ 1
| #define _TANDEM_SOURCE 1
| #define __EXTENSIONS__ 1
| #define HAVE_DLFCN_H 1
| #define LT_OBJDIR ".libs/"
| /* end confdefs.h.  */
| #include <ac_nonexistent.h>
configure:17149: checking for ld used by g++
configure:17217: result: /usr/bin/ld -m elf_x86_64
configure:17224: checking if the linker (/usr/bin/ld -m elf_x86_64) is GNU ld
configure:17240: result: yes
configure:17295: checking whether the g++ linker (/usr/bin/ld -m elf_x86_64) supports shared libraries
configure:18372: result: yes
configure:18408: g++ -c  -g -std=c++11 -DNDEBUG  conftest.cpp >&5
configure:18411: $? = 0
configure:18892: checking for g++ option to produce PIC
configure:18900: result: -fPIC -DPIC
configure:18908: checking if g++ PIC flag -fPIC -DPIC works
configure:18927: g++ -c  -g -std=c++11 -DNDEBUG  -fPIC -DPIC -DPIC conftest.cpp >&5
configure:18931: $? = 0
configure:18944: result: yes
configure:18967: checking if g++ static flag -static works
configure:18996: result: yes
configure:19008: checking if g++ supports -c -o file.o
configure:19030: g++ -c  -g -std=c++11 -DNDEBUG  -o out/conftest2.o conftest.cpp >&5
configure:19034: $? = 0
configure:19056: result: yes
configure:19061: checking if g++ supports -c -o file.o
configure:19109: result: yes
configure:19139: checking whether the g++ linker (/usr/bin/ld -m elf_x86_64) supports shared libraries
configure:19182: result: yes
configure:19324: checking dynamic linker characteristics
configure:20084: result: GNU/Linux ld.so
configure:20149: checking how to hardcode library paths into programs
configure:20174: result: immediate
configure:20237: checking whether the linker supports version scripts
configure:20253: g++ -o conftest  -g -std=c++11 -DNDEBUG   -Wl,--version-script=conftest.map conftest.cpp  >&5
configure:20253: $? = 0
configure:20255: result: yes
configure:20277: checking for egrep
configure:20345: result: /usr/bin/grep -E
configure:20351: checking for fcntl.h
configure:20351: g++ -c  -g -std=c++11 -DNDEBUG  conftest.cpp >&5
configure:20351: $? = 0
configure:20351: result: yes
configure:20357: checking for inttypes.h
configure:20357: result: yes
configure:20363: checking for limits.h
configure:20363: g++ -c  -g -std=c++11 -DNDEBUG  conftest.cpp >&5
configure:20363: $? = 0
configure:20363: result: yes
configure:20369: checking for stdlib.h
configure:20369: result: yes
configure:20375: checking for unistd.h
configure:20375: result: yes
configure:20384: checking for working memcmp
configure:20429: g++ -o conftest  -g -std=c++11 -DNDEBUG   conftest.cpp  >&5
configure:20429: $? = 0
configure:20429: ./conftest
configure:20429: $? = 0
configure:20440: result: yes
configure:20449: checking for working strtod
configure:20492: g++ -o conftest  -g -std=c++11 -DNDEBUG   conftest.cpp  >&5
conftest.cpp: In function 'int main()':
conftest.cpp:82:20: warning: ISO C++ forbids converting a string constant to 'char*' [-Wwrite-strings]
   82 |     char *string = " +69";
      |                    ^~~~~~
conftest.cpp:93:20: warning: ISO C++ forbids converting a string constant to 'char*' [-Wwrite-strings]
   93 |     char *string = "NaN";
      |                    ^~~~~
configure:20492: $? = 0
configure:20492: ./conftest
configure:20492: $? = 0
configure:20503: result: yes
configure:20565: checking for ftruncate
configure:20565: g++ -o conftest  -g -std=c++11 -DNDEBUG   conftest.cpp  >&5
configure:20565: $? = 0
configure:20565: result: yes
configure:20571: checking for memset
configure:20571: g++ -o conftest  -g -std=c++11 -DNDEBUG   conftest.cpp  >&5
conftest.cpp:62:6: warning: declaration of 'char memset()' conflicts with built-in declaration 'void* memset(void*, int, long unsigned int)' [-Wbuiltin-declaration-mismatch]
   62 | char memset ();
      |      ^~~~~~
configure:20571: $? = 0
configure:20571: result: yes
configure:20577: checking for mkdir
configure:20577: g++ -o conftest  -g -std=c++11 -DNDEBUG   conftest.cpp  >&5
configure:20577: $? = 0
configure:20577: result: yes
configure:20583: checking for strchr
configure:20583: g++ -o conftest  -g -std=c++11 -DNDEBUG   conftest.cpp  >&5
conftest.cpp:64:6: warning: declaration of 'char strchr()' conflicts with built-in declaration 'char* strchr(const char*, int)' [-Wbuiltin-declaration-mismatch]
   64 | char strchr ();
      |      ^~~~~~
configure:20583: $? = 0
configure:20583: result: yes
configure:20589: checking for strerror
configure:20589: g++ -o conftest  -g -std=c++11 -DNDEBUG   conftest.cpp  >&5
configure:20589: $? = 0
configure:20589: result: yes
configure:20595: checking for strtol
configure:20595: g++ -o conftest  -g -std=c++11 -DNDEBUG   conftest.cpp  >&5
configure:20595: $? = 0
configure:20595: result: yes
configure:20608: checking zlib version
configure:20628: g++ -c  -g -std=c++11 -DNDEBUG  conftest.cpp >&5
configure:20628: $? = 0
configure:20631: result: ok (1.2.0.4 or later)
configure:20635: checking for library containing zlibVersion
configure:20664: g++ -o conftest  -g -std=c++11 -DNDEBUG   conftest.cpp  >&5
/usr/bin/ld: /tmp/ccCiV0Td.o: in function `main':
/home/ubuntu/share/spanner_rls/spanner_rls/tapir-master/protobuf-3.12.0/conftest.cpp:58: undefined reference to `zlibVersion'
collect2: error: ld returned 1 exit status
configure:20664: $? = 1
configure: failed program was:
| /* confdefs.h */
| #define PACKAGE_NAME "Protocol Buffers"
| #define PACKAGE_TARNAME "protobuf"
| #define PACKAGE_VERSION "3.12.0"
| #define PACKAGE_STRING "Protocol Buffers 3.12.0"
| #define PACKAGE_BUGREPORT "protobuf@googlegroups.com"
| #define PACKAGE_URL ""
| #define PACKAGE "protobuf"
| #define VERSION "3.12.0"
| #define HAVE_STDIO_H 1
| #define HAVE_STDLIB_H 1
| #define HAVE_STRING_H 1
| #define HAVE_INTTYPES_H 1
| #define HAVE_STDINT_H 1
| #define HAVE_STRINGS_H 1
| #define HAVE_SYS_STAT_H 1
| #define HAVE_SYS_TYPES_H 1
| #define HAVE_UNISTD_H 1
| #define HAVE_WCHAR_H 1
| #define STDC_HEADERS 1
| #define _ALL_SOURCE 1
| #define _DARWIN_C_SOURCE 1
| #define _GNU_SOURCE 1
| #define _HPUX_ALT_XOPEN_SOCKET_API 1
| #define _NETBSD_SOURCE 1
| #define _OPENBSD_SOURCE 1
| #define _POSIX_PTHREAD_SEMANTICS 1
| #define __STDC_WANT_IEC_60559_ATTRIBS_EXT__ 1
| #define __STDC_WANT_IEC_60559_BFP_EXT__ 1
| #define __STDC_WANT_IEC_60559_DFP_EXT__ 1
| #define __STDC_WANT_IEC_60559_FUNCS_EXT__ 1
| #define __STDC_WANT_IEC_60559_TYPES_EXT__ 1
| #define __STDC_WANT_LIB_EXT2__ 1
| #define __STDC_WANT_MATH_SPEC_FUNCS__ 1
| #define _TANDEM_SOURCE 1
| #define __EXTENSIONS__ 1
| #define HAVE_DLFCN_H 1
| #define LT_OBJDIR ".libs/"
| #define HAVE_FCNTL_H 1
| #define HAVE_INTTYPES_H 1
| #define HAVE_LIMITS_H 1
| #define HAVE_STDLIB_H 1
| #define HAVE_UNISTD_H 1
| #define HAVE_FTRUNCATE 1
| #define HAVE_MEMSET 1
| #define HAVE_MKDIR 1
| #define HAVE_STRCHR 1
| #define HAVE_STRERROR 1
| #define HAVE_STRTOL 1
| /* end confdefs.h.  */
| 
| namespace conftest {
|   extern "C" int zlibVersion ();
| }
| int
| main (void)
| {
| return conftest::zlibVersion ();
|   ;
|   return 0;
| }
configure:20664: g++ -o conftest  -g -std=c++11 -DNDEBUG   conftest.cpp -lz   >&5
configure:20664: $? = 0
configure:20684: result: -lz
configure:20750: checking whether g++ supports C++11 features by default
configure:21064: g++ -c  -g -std=c++11 -DNDEBUG  conftest.cpp >&5
configure:21064: $? = 0
configure:21072: result: yes
configure:21451: checking whether -latomic is needed
configure:21464: g++ -o conftest  -g -std=c++11 -DNDEBUG   conftest.cpp -lz  >&5
configure:21464: $? = 0
configure:21472: result: no
configure:21700: checking whether gcc is Clang
configure:21727: result: no
configure:21855: checking whether pthreads work with -pthread
configure:21955: gcc -o conftest  -pthread   conftest.c  -lz  >&5
configure:21955: $? = 0
configure:21965: result: yes
configure:21985: checking for joinable pthread attribute
configure:22004: gcc -o conftest  -pthread   conftest.c  -lz  >&5
configure:22004: $? = 0
configure:22013: result: PTHREAD_CREATE_JOINABLE
configure:22026: checking whether more special flags are required for pthreads
configure:22040: result: no
configure:22049: checking for PTHREAD_PRIO_INHERIT
configure:22066: gcc -o conftest  -pthread   conftest.c  -lz  >&5
configure:22066: $? = 0
configure:22076: result: yes
configure:22195: checking the location of hash_map
configure:22221: g++ -c  -g -std=c++11 -DNDEBUG  conftest.cpp >&5
configure:22221: $? = 0
configure:22244: g++ -c  -g -std=c++11 -DNDEBUG  conftest.cpp >&5
configure:22244: $? = 0
configure:22303: result: <unordered_map>
configure:22446: checking that generated files are newer than configure
configure:22452: result: done
configure:22515: creating ./config.status

## ---------------------- ##
## Running config.status. ##
## ---------------------- ##

This file was extended by Protocol Buffers config.status 3.12.0, which was
generated by GNU Autoconf 2.71.  Invocation command line was

  CONFIG_FILES    = 
  CONFIG_HEADERS  = 
  CONFIG_LINKS    = 
  CONFIG_COMMANDS = 
  $ ./config.status 

on ip-172-31-14-130

config.status:1237: creating Makefile
config.status:1237: creating src/Makefile
config.status:1237: creating benchmarks/Makefile
config.status:1237: creating conformance/Makefile
config.status:1237: creating protobuf.pc
config.status:1237: creating protobuf-lite.pc
config.status:1237: creating config.h
config.status:1418: config.h is unchanged
config.status:1466: executing depfiles commands
config.status:1543: cd src       && sed -e '/# am--include-marker/d' Makefile         | make -f - am--depfiles
make: Nothing to be done for 'am--depfiles'.
config.status:1548: $? = 0
config.status:1543: cd benchmarks       && sed -e '/# am--include-marker/d' Makefile         | make -f - am--depfiles
make: Nothing to be done for 'am--depfiles'.
config.status:1548: $? = 0
config.status:1543: cd conformance       && sed -e '/# am--include-marker/d' Makefile         | make -f - am--depfiles
make: Nothing to be done for 'am--depfiles'.
config.status:1548: $? = 0
config.status:1466: executing libtool commands
configure:24992: === configuring in third_party/googletest (/home/ubuntu/share/spanner_rls/spanner_rls/tapir-master/protobuf-3.12.0/third_party/googletest)
configure:25053: running /bin/bash ./configure --disable-option-checking '--prefix=/usr/local'  --cache-file=/dev/null --srcdir=.

## ---------------- ##
## Cache variables. ##
## ---------------- ##

ac_cv_build=x86_64-pc-linux-gnu
ac_cv_build_prog_CPP='gcc -E'
ac_cv_build_prog_CXXCPP='g++ -E'
ac_cv_build_prog_cc_g=yes
ac_cv_build_prog_cxx_g=yes
ac_cv_c_compiler_gnu=yes
ac_cv_cxx_compiler_gnu=yes
ac_cv_cxx_hash_map='<unordered_map>'
ac_cv_cxx_hash_map_class=unordered_map
ac_cv_cxx_hash_namespace=std
ac_cv_cxx_hash_set='<unordered_set>'
ac_cv_cxx_hash_set_class=unordered_set
ac_cv_cxx_undeclared_builtin_options='none needed'
ac_cv_env_CCC_set=
ac_cv_env_CCC_value=
ac_cv_env_CC_set=
ac_cv_env_CC_value=
ac_cv_env_CFLAGS_set=
ac_cv_env_CFLAGS_value=
ac_cv_env_CPPFLAGS_set=
ac_cv_env_CPPFLAGS_value=
ac_cv_env_CPP_set=
ac_cv_env_CPP_value=
ac_cv_env_CXXCPP_set=
ac_cv_env_CXXCPP_value=
ac_cv_env_CXXFLAGS_set=
ac_cv_env_CXXFLAGS_value=
ac_cv_env_CXX_set=
ac_cv_env_CXX_value=
ac_cv_env_DIST_LANG_set=
ac_cv_env_DIST_LANG_value=
ac_cv_env_LDFLAGS_set=
ac_cv_env_LDFLAGS_value=
ac_cv_env_LIBS_set=
ac_cv_env_LIBS_value=
ac_cv_env_LT_SYS_LIBRARY_PATH_set=
ac_cv_env_LT_SYS_LIBRARY_PATH_value=
ac_cv_env_OBJCFLAGS_set=
ac_cv_env_OBJCFLAGS_value=
ac_cv_env_OBJC_set=
ac_cv_env_OBJC_value=
ac_cv_env_build_alias_set=
ac_cv_env_build_alias_value=
ac_cv_env_host_alias_set=
ac_cv_env_host_alias_value=
ac_cv_env_target_alias_set=
ac_cv_env_target_alias_value=
ac_cv_func_ftruncate=yes
ac_cv_func_memcmp_working=yes
ac_cv_func_memset=yes
ac_cv_func_mkdir=yes
ac_cv_func_strchr=yes
ac_cv_func_strerror=yes
ac_cv_func_strtod=yes
ac_cv_func_strtol=yes
ac_cv_have_decl___SUNPRO_CC=no
ac_cv_header_dlfcn_h=yes
ac_cv_header_fcntl_h=yes
ac_cv_header_inttypes_h=yes
ac_cv_header_limits_h=yes
ac_cv_header_minix_config_h=no
ac_cv_header_stdint_h=yes
ac_cv_header_stdio_h=yes
ac_cv_header_stdlib_h=yes
ac_cv_header_string_h=yes
ac_cv_header_strings_h=yes
ac_cv_header_sys_stat_h=yes
ac_cv_header_sys_types_h=yes
ac_cv_header_unistd_h=yes
ac_cv_header_wchar_h=yes
ac_cv_host=x86_64-pc-linux-gnu
ac_cv_objc_compiler_gnu=no
ac_cv_objext=o
ac_cv_path_EGREP='/usr/bin/grep -E'
ac_cv_path_FGREP='/usr/bin/grep -F'
ac_cv_path_GREP=/usr/bin/grep
ac_cv_path_SED=/usr/bin/sed
ac_cv_path_install='/usr/bin/install -c'
ac_cv_path_lt_DD=/usr/bin/dd
ac_cv_path_mkdir=/usr/bin/mkdir
ac_cv_prog_AWK=gawk
ac_cv_prog_CPP='gcc -E'
ac_cv_prog_CXXCPP='g++ -E'
ac_cv_prog_ac_ct_AR=ar
ac_cv_prog_ac_ct_CC=gcc
ac_cv_prog_ac_ct_CC_FOR_BUILD=gcc
ac_cv_prog_ac_ct_CXX=g++
ac_cv_prog_ac_ct_CXX_FOR_BUILD=g++
ac_cv_prog_ac_ct_MANIFEST_TOOL=mt
ac_cv_prog_ac_ct_OBJC=gcc
ac_cv_prog_ac_ct_OBJDUMP=objdump
ac_cv_prog_ac_ct_RANLIB=ranlib
ac_cv_prog_ac_ct_STRIP=strip
ac_cv_prog_cc_c11=
ac_cv_prog_cc_g=yes
ac_cv_prog_cc_stdc=
ac_cv_prog_cxx_11=no
ac_cv_prog_cxx_cxx11=
ac_cv_prog_cxx_g=yes
ac_cv_prog_cxx_stdcxx=
ac_cv_prog_make_make_set=yes
ac_cv_prog_objc_g=no
ac_cv_safe_to_define___extensions__=yes
ac_cv_search_zlibVersion=-lz
ac_cv_should_define__xopen_source=no
ac_cv_target=x86_64-pc-linux-gnu
am_cv_CC_dependencies_compiler_type=gcc3
am_cv_CXX_dependencies_compiler_type=gcc3
am_cv_OBJC_dependencies_compiler_type=gcc3
am_cv_ar_interface=ar
am_cv_make_support_nested_variables=yes
am_cv_prog_cc_c_o=yes
am_cv_prog_tar_ustar=gnutar
ax_cv_PTHREAD_CLANG=no
ax_cv_PTHREAD_JOINABLE_ATTR=PTHREAD_CREATE_JOINABLE
ax_cv_PTHREAD_PRIO_INHERIT=yes
ax_cv_PTHREAD_SPECIAL_FLAGS=no
ax_cv_cxx_compile_cxx11=yes
lt_cv_ar_at_file=@
lt_cv_archive_cmds_need_lc=no
lt_cv_deplibs_check_method=pass_all
lt_cv_file_magic_cmd='$MAGIC_CMD'
lt_cv_file_magic_test_file=
lt_cv_ld_reload_flag=-r
lt_cv_nm_interface='BSD nm'
lt_cv_objdir=.libs
lt_cv_path_LD=/usr/bin/ld
lt_cv_path_LDCXX='/usr/bin/ld -m elf_x86_64'
lt_cv_path_NM='/usr/bin/nm -B'
lt_cv_path_mainfest_tool=no
lt_cv_prog_compiler_c_o=yes
lt_cv_prog_compiler_c_o_CXX=yes
lt_cv_prog_compiler_pic='-fPIC -DPIC'
lt_cv_prog_compiler_pic_CXX='-fPIC -DPIC'
lt_cv_prog_compiler_pic_works=yes
lt_cv_prog_compiler_pic_works_CXX=yes
lt_cv_prog_compiler_rtti_exceptions=no
lt_cv_prog_compiler_static_works=yes
lt_cv_prog_compiler_static_works_CXX=yes
lt_cv_prog_gnu_ld=yes
lt_cv_prog_gnu_ldcxx=yes
lt_cv_sharedlib_from_linklib_cmd='printf %s\n'
lt_cv_shlibpath_overrides_runpath=yes
lt_cv_sys_global_symbol_pipe='sed -n -e '\''s/^.*[	 ]\([ABCDGIRSTW][ABCDGIRSTW]*\)[	 ][	 ]*\([_A-Za-z][_A-Za-z0-9]*\)$/\1 \2 \2/p'\'' | sed '\''/ __gnu_lto/d'\'''
lt_cv_sys_global_symbol_to_c_name_address='sed -n -e '\''s/^: \(.*\) .*$/  {"\1", (void *) 0},/p'\'' -e '\''s/^[ABCDGIRSTW][ABCDGIRSTW]* .* \(.*\)$/  {"\1", (void *) \&\1},/p'\'''
lt_cv_sys_global_symbol_to_c_name_address_lib_prefix='sed -n -e '\''s/^: \(.*\) .*$/  {"\1", (void *) 0},/p'\'' -e '\''s/^[ABCDGIRSTW][ABCDGIRSTW]* .* \(lib.*\)$/  {"\1", (void *) \&\1},/p'\'' -e '\''s/^[ABCDGIRSTW][ABCDGIRSTW]* .* \(.*\)$/  {"lib\1", (void *) \&\1},/p'\'''
lt_cv_sys_global_symbol_to_cdecl='sed -n -e '\''s/^T .* \(.*\)$/extern int \1();/p'\'' -e '\''s/^[ABCDGIRSTW][ABCDGIRSTW]* .* \(.*\)$/extern char \1;/p'\'''
lt_cv_sys_global_symbol_to_import=
lt_cv_sys_max_cmd_len=1572864
lt_cv_to_host_file_cmd=func_convert_file_noop
lt_cv_to_tool_file_cmd=func_convert_file_noop
lt_cv_truncate_bin='/usr/bin/dd bs=4096 count=1'

## ----------------- ##
## Output variables. ##
## ----------------- ##

ACLOCAL='${SHELL} '\''/home/ubuntu/share/spanner_rls/spanner_rls/tapir-master/protobuf-3.12.0/missing'\'' aclocal-1.16'
AMDEPBACKSLASH='\'
AMDEP_FALSE='#'
AMDEP_TRUE=''
AMTAR='$${TAR-tar}'
AM_BACKSLASH='\'
AM_DEFAULT_V='$(AM_DEFAULT_VERBOSITY)'
AM_DEFAULT_VERBOSITY='0'
AM_V='$(V)'
AR='ar'
AUTOCONF='${SHELL} '\''/home/ubuntu/share/spanner_rls/spanner_rls/tapir-master/protobuf-3.12.0/missing'\'' autoconf'
AUTOHEADER='${SHELL} '\''/home/ubuntu/share/spanner_rls/spanner_rls/tapir-master/protobuf-3.12.0/missing'\'' autoheader'
AUTOMAKE='${SHELL} '\''/home/ubuntu/share/spanner_rls/spanner_rls/tapir-master/protobuf-3.12.0/missing'\'' automake-1.16'
AWK='gawk'
BUILD_EXEEXT=''
BUILD_OBJEXT=''
CC='gcc'
CCDEPMODE='depmode=gcc3'
CC_FOR_BUILD='gcc'
CFLAGS=''
CFLAGS_FOR_BUILD='-g -O2'
CPP='gcc -E'
CPPFLAGS=''
CPPFLAGS_FOR_BUILD=''
CPP_FOR_BUILD='gcc -E'
CSCOPE='cscope'
CTAGS='ctags'
CXX='g++'
CXXCPP='g++ -E'
CXXCPPFLAGS_FOR_BUILD=''
CXXCPP_FOR_BUILD='g++ -E'
CXXDEPMODE='depmode=gcc3'
CXXFLAGS=' -g -std=c++11 -DNDEBUG'
CXXFLAGS_FOR_BUILD='-g -O2'
CXX_FOR_BUILD='g++'
CYGPATH_W='echo'
DEFS='-DHAVE_CONFIG_H'
DEPDIR='.deps'
DIST_LANG='all'
DLLTOOL='false'
DSYMUTIL=''
DUMPBIN=''
ECHO_C=''
ECHO_N='-n'
ECHO_T=''
EGREP='/usr/bin/grep -E'
ETAGS='etags'
EXEEXT=''
FGREP='/usr/bin/grep -F'
GCC_FALSE='#'
GCC_TRUE=''
GREP='/usr/bin/grep'
HAVE_CXX11='1'
HAVE_LD_VERSION_SCRIPT_FALSE='#'
HAVE_LD_VERSION_SCRIPT_TRUE=''
HAVE_PTHREAD_FALSE='#'
HAVE_PTHREAD_TRUE=''
HAVE_ZLIB_FALSE='#'
HAVE_ZLIB_TRUE=''
INSTALL_DATA='${INSTALL} -m 644'
INSTALL_PROGRAM='${INSTALL}'
INSTALL_SCRIPT='${INSTALL}'
INSTALL_STRIP_PROGRAM='$(install_sh) -c -s'
ISAINFO=''
LD='/usr/bin/ld -m elf_x86_64'
LDFLAGS=''
LDFLAGS_FOR_BUILD=''
LIBATOMIC_LIBS=''
LIBOBJS=''
LIBS='-lz '
LIBTOOL='$(SHELL) $(top_builddir)/libtool'
LIPO=''
LN_S='ln -s'
LTLIBOBJS=''
LT_SYS_LIBRARY_PATH=''
MAINT=''
MAINTAINER_MODE_FALSE='#'
MAINTAINER_MODE_TRUE=''
MAKEINFO='${SHELL} '\''/home/ubuntu/share/spanner_rls/spanner_rls/tapir-master/protobuf-3.12.0/missing'\'' makeinfo'
MANIFEST_TOOL=':'
MKDIR_P='/usr/bin/mkdir -p'
NM='/usr/bin/nm -B'
NMEDIT=''
OBJC='gcc'
OBJCDEPMODE='depmode=gcc3'
OBJCFLAGS=''
OBJC_CONFORMANCE_TEST_FALSE=''
OBJC_CONFORMANCE_TEST_TRUE='#'
OBJDUMP='objdump'
OBJEXT='o'
OTOOL64=''
OTOOL=''
PACKAGE='protobuf'
PACKAGE_BUGREPORT='protobuf@googlegroups.com'
PACKAGE_NAME='Protocol Buffers'
PACKAGE_STRING='Protocol Buffers 3.12.0'
PACKAGE_TARNAME='protobuf'
PACKAGE_URL=''
PACKAGE_VERSION='3.12.0'
PATH_SEPARATOR=':'
POW_LIB=''
PROTOBUF_OPT_FLAG='-O2'
PROTOC=''
PTHREAD_CC='gcc'
PTHREAD_CFLAGS='-pthread'
PTHREAD_LIBS=''
RANLIB='ranlib'
SED='/usr/bin/sed'
SET_MAKE=''
SHELL='/bin/bash'
STRIP='strip'
USE_EXTERNAL_PROTOC_FALSE=''
USE_EXTERNAL_PROTOC_TRUE='#'
VERSION='3.12.0'
ac_ct_AR='ar'
ac_ct_CC='gcc'
ac_ct_CC_FOR_BUILD='gcc'
ac_ct_CXX='g++'
ac_ct_CXX_FOR_BUILD='g++'
ac_ct_DUMPBIN=''
ac_ct_OBJC='gcc'
am__EXEEXT_FALSE=''
am__EXEEXT_TRUE='#'
am__fastdepCC_FALSE='#'
am__fastdepCC_TRUE=''
am__fastdepCXX_FALSE='#'
am__fastdepCXX_TRUE=''
am__fastdepOBJC_FALSE='#'
am__fastdepOBJC_TRUE=''
am__include='include'
am__isrc=''
am__leading_dot='.'
am__nodep='_no'
am__quote=''
am__tar='tar --format=ustar -chf - "$$tardir"'
am__untar='tar -xf -'
ax_pthread_config=''
bindir='${exec_prefix}/bin'
build='x86_64-pc-linux-gnu'
build_alias=''
build_cpu='x86_64'
build_os='linux-gnu'
build_vendor='pc'
datadir='${datarootdir}'
datarootdir='${prefix}/share'
docdir='${datarootdir}/doc/${PACKAGE_TARNAME}'
dvidir='${docdir}'
exec_prefix='${prefix}'
host='x86_64-pc-linux-gnu'
host_alias=''
host_cpu='x86_64'
host_os='linux-gnu'
host_vendor='pc'
htmldir='${docdir}'
includedir='${prefix}/include'
infodir='${datarootdir}/info'
install_sh='${SHELL} /home/ubuntu/share/spanner_rls/spanner_rls/tapir-master/protobuf-3.12.0/install-sh'
libdir='${exec_prefix}/lib'
libexecdir='${exec_prefix}/libexec'
localedir='${datarootdir}/locale'
localstatedir='${prefix}/var'
mandir='${datarootdir}/man'
mkdir_p='$(MKDIR_P)'
oldincludedir='/usr/include'
pdfdir='${docdir}'
prefix='/usr/local'
program_transform_name='s,x,x,'
psdir='${docdir}'
runstatedir='${localstatedir}/run'
sbindir='${exec_prefix}/sbin'
sharedstatedir='${prefix}/com'
subdirs=' third_party/googletest'
sysconfdir='${prefix}/etc'
target='x86_64-pc-linux-gnu'
target_alias=''
target_cpu='x86_64'
target_os='linux-gnu'
target_vendor='pc'

## ----------- ##
## confdefs.h. ##
## ----------- ##

/* confdefs.h */
#define PACKAGE_NAME "Protocol Buffers"
#define PACKAGE_TARNAME "protobuf"
#define PACKAGE_VERSION "3.12.0"
#define PACKAGE_STRING "Protocol Buffers 3.12.0"
#define PACKAGE_BUGREPORT "protobuf@googlegroups.com"
#define PACKAGE_URL ""
#define PACKAGE "protobuf"
#define VERSION "3.12.0"
#define HAVE_STDIO_H 1
#define HAVE_STDLIB_H 1
#define HAVE_STRING_H 1
#define HAVE_INTTYPES_H 1
#define HAVE_STDINT_H 1
#define HAVE_STRINGS_H 1
#define HAVE_SYS_STAT_H 1
#define HAVE_SYS_TYPES_H 1
#define HAVE_UNISTD_H 1
#define HAVE_WCHAR_H 1
#define STDC_HEADERS 1
#define _ALL_SOURCE 1
#define _DARWIN_C_SOURCE 1
#define _GNU_SOURCE 1
#define _HPUX_ALT_XOPEN_SOCKET_API 1
#define _NETBSD_SOURCE 1
#define _OPENBSD_SOURCE 1
#define _POSIX_PTHREAD_SEMANTICS 1
#define __STDC_WANT_IEC_60559_ATTRIBS_EXT__ 1
#define __STDC_WANT_IEC_60559_BFP_EXT__ 1
#define __STDC_WANT_IEC_60559_DFP_EXT__ 1
#define __STDC_WANT_IEC_60559_FUNCS_EXT__ 1
#define __STDC_WANT_IEC_60559_TYPES_EXT__ 1
#define __STDC_WANT_LIB_EXT2__ 1
#define __STDC_WANT_MATH_SPEC_FUNCS__ 1
#define _TANDEM_SOURCE 1
#define __EXTENSIONS__ 1
#define HAVE_DLFCN_H 1
#define LT_OBJDIR ".libs/"
#define HAVE_FCNTL_H 1
#define HAVE_INTTYPES_H 1
#define HAVE_LIMITS_H 1
#define HAVE_STDLIB_H 1
#define HAVE_UNISTD_H 1
#define HAVE_FTRUNCATE 1
#define HAVE_MEMSET 1
#define HAVE_MKDIR 1
#define HAVE_STRCHR 1
#define HAVE_STRERROR 1
#define HAVE_STRTOL 1
#define HAVE_ZLIB 1
#define HAVE_CXX11 1
#define HAVE_PTHREAD_PRIO_INHERIT 1
#define HAVE_PTHREAD 1
#define HAVE_HASH_MAP 1
#define HAVE_HASH_SET 1
#define HASH_MAP_H <unordered_map>
#define HASH_SET_H <unordered_set>
#define HASH_NAMESPACE std
#define HASH_MAP_CLASS unordered_map
#define HASH_SET_CLASS unordered_set

configure: exit 0

## ---------------------- ##
## Running config.status. ##
## ---------------------- ##

This file was extended by Protocol Buffers config.status 3.12.0, which was
generated by GNU Autoconf 2.71.  Invocation command line was

  CONFIG_FILES    = 
  CONFIG_HEADERS  = 
  CONFIG_LINKS    = 
  CONFIG_COMMANDS = 
  $ ./config.status config.h

on ip-172-31-14-130

config.status:1237: creating config.h
config.status:1418: config.h is unchanged
